[debug] [2021-10-27T00:21:35.477Z] ----------------------------------------------------------------------
[debug] [2021-10-27T00:21:35.479Z] Command:       C:\Program Files\nodejs\node.exe C:\Users\truon\AppData\Roaming\npm\node_modules\firebase-tools\lib\bin\firebase.js init hosting:github
[debug] [2021-10-27T00:21:35.479Z] CLI Version:   9.19.0
[debug] [2021-10-27T00:21:35.479Z] Platform:      win32
[debug] [2021-10-27T00:21:35.479Z] Node Version:  v14.17.6
[debug] [2021-10-27T00:21:35.480Z] Time:          Wed Oct 27 2021 07:21:35 GMT+0700 (Giờ Đông Dương)
[debug] [2021-10-27T00:21:35.480Z] ----------------------------------------------------------------------
[debug] 
[debug] [2021-10-27T00:21:35.526Z] > command requires scopes: ["email","openid","https://www.googleapis.com/auth/cloudplatformprojects.readonly","https://www.googleapis.com/auth/firebase","https://www.googleapis.com/auth/cloud-platform"]
[debug] [2021-10-27T00:21:35.526Z] > authorizing via signed-in user (truong.nguyen843@hcmut.edu.vn)
[info] 
     ######## #### ########  ######## ########     ###     ######  ########
     ##        ##  ##     ## ##       ##     ##  ##   ##  ##       ##
     ######    ##  ########  ######   ########  #########  ######  ######
     ##        ##  ##    ##  ##       ##     ## ##     ##       ## ##
     ##       #### ##     ## ######## ########  ##     ##  ######  ########

You're about to initialize a Firebase project in this directory:

  d:\CodeLearn\tmdt-fe

Before we get started, keep in mind:

  * You are initializing within an existing Firebase project directory

[info] 
=== Project Setup
[info] 
[info] First, let's associate this project directory with a Firebase project.
[info] You can create multiple project aliases by running firebase use --add, 
[info] but for now we'll just set up a default project.
[info] 
[info] i  .firebaserc already has a default project, using tmdt-project-f2b6d. 
[debug] [2021-10-27T00:21:37.695Z] > refreshing access token with scopes: []
[debug] [2021-10-27T00:21:37.695Z] >>> HTTP REQUEST POST https://www.googleapis.com/oauth2/v3/token  
 <request body omitted>
[debug] [2021-10-27T00:21:37.884Z] <<< HTTP RESPONSE 200 {"pragma":"no-cache","date":"Wed, 27 Oct 2021 00:21:39 GMT","expires":"Mon, 01 Jan 1990 00:00:00 GMT","cache-control":"no-cache, no-store, max-age=0, must-revalidate","content-type":"application/json; charset=utf-8","vary":"X-Origin, Referer, Origin,Accept-Encoding","server":"scaffolding on HTTPServer2","x-xss-protection":"0","x-frame-options":"SAMEORIGIN","x-content-type-options":"nosniff","alt-svc":"h3=\":443\"; ma=2592000,h3-29=\":443\"; ma=2592000,h3-Q050=\":443\"; ma=2592000,h3-Q046=\":443\"; ma=2592000,h3-Q043=\":443\"; ma=2592000","accept-ranges":"none","transfer-encoding":"chunked"}
[debug] [2021-10-27T00:21:37.898Z] >>> [apiv2][query] GET https://firebase.googleapis.com/v1beta1/projects/tmdt-project-f2b6d [none]
[debug] [2021-10-27T00:21:38.330Z] <<< [apiv2][status] GET https://firebase.googleapis.com/v1beta1/projects/tmdt-project-f2b6d 200
[debug] [2021-10-27T00:21:38.330Z] <<< [apiv2][body] GET https://firebase.googleapis.com/v1beta1/projects/tmdt-project-f2b6d {"projectId":"tmdt-project-f2b6d","projectNumber":"1055592252236","displayName":"TMDT-Project","name":"projects/tmdt-project-f2b6d","resources":{"hostingSite":"tmdt-project-f2b6d","realtimeDatabaseInstance":"tmdt-project-f2b6d-default-rtdb","storageBucket":"tmdt-project-f2b6d.appspot.com","locationId":"asia-southeast1"},"state":"ACTIVE"}
[info] 
=== Hosting:github Setup
[info] 
[info] i  Didn't detect a .git folder. Assuming d:\CodeLearn\tmdt-fe is the project root. 
[info] i  Authorizing with GitHub to upload your service account to a GitHub repository's secrets store. 
[info] 
[info] Visit this URL on this device to log in:
[info] https://github.com/login/oauth/authorize?client_id=89cf50f02ac6aaed3484&state=759412538&redirect_uri=http%3A%2F%2Flocalhost%3A9005&scope=read%3Auser%20repo%20public_repo
[info] 
[info] Waiting for authentication...
[debug] [2021-10-27T00:21:38.953Z] >>> HTTP REQUEST POST https://github.com/login/oauth/access_token  
 {"client_id":"89cf50f02ac6aaed3484","client_secret":"3330d14abc895d9a74d5f17cd7a00711fa2c5bf0","code":"4dc607e87cdd68ba85f4","redirect_uri":"http://localhost:9005","state":"759412538"}
[debug] [2021-10-27T00:21:39.445Z] <<< HTTP RESPONSE 200 {"server":"GitHub.com","date":"Wed, 27 Oct 2021 00:21:40 GMT","content-type":"application/json; charset=utf-8","transfer-encoding":"chunked","vary":"X-PJAX, X-PJAX-Container, Accept-Encoding, Accept, X-Requested-With","permissions-policy":"interest-cohort=()","etag":"W/\"e5c9434622764d746064b48bc20f285c\"","cache-control":"max-age=0, private, must-revalidate","strict-transport-security":"max-age=31536000; includeSubdomains; preload","x-frame-options":"deny","x-content-type-options":"nosniff","x-xss-protection":"0","referrer-policy":"origin-when-cross-origin, strict-origin-when-cross-origin","expect-ct":"max-age=2592000, report-uri=\"https://api.github.com/_private/browser/errors\"","content-security-policy":"default-src 'none'; base-uri 'self'; block-all-mixed-content; child-src github.com/assets-cdn/worker/ gist.github.com/assets-cdn/worker/; connect-src 'self' uploads.github.com objects-origin.githubusercontent.com www.githubstatus.com collector.githubapp.com api.github.com github-cloud.s3.amazonaws.com github-production-repository-file-5c1aeb.s3.amazonaws.com github-production-upload-manifest-file-7fdce7.s3.amazonaws.com github-production-user-asset-6210df.s3.amazonaws.com cdn.optimizely.com logx.optimizely.com/v1/events translator.github.com wss://alive.github.com; font-src github.githubassets.com; form-action 'self' github.com gist.github.com objects-origin.githubusercontent.com; frame-ancestors 'none'; frame-src render.githubusercontent.com viewscreen.githubusercontent.com notebooks.githubusercontent.com; img-src 'self' data: github.githubassets.com identicons.github.com collector.githubapp.com github-cloud.s3.amazonaws.com secured-user-images.githubusercontent.com/ *.githubusercontent.com; manifest-src 'self'; media-src github.com user-images.githubusercontent.com/; script-src github.githubassets.com; style-src 'unsafe-inline' github.githubassets.com; worker-src github.com/assets-cdn/worker/ gist.github.com/assets-cdn/worker/","x-github-request-id":"29D9:7F0B:29DA71:3B83E5:61789B94"}
[debug] [2021-10-27T00:21:39.454Z] >>> [apiv2][query] GET https://api.github.com/user [none]
[debug] [2021-10-27T00:21:39.974Z] <<< [apiv2][status] GET https://api.github.com/user 200
[debug] [2021-10-27T00:21:39.974Z] <<< [apiv2][body] GET https://api.github.com/user {"login":"truongn843","id":67009449,"node_id":"MDQ6VXNlcjY3MDA5NDQ5","avatar_url":"https://avatars.githubusercontent.com/u/67009449?v=4","gravatar_id":"","url":"https://api.github.com/users/truongn843","html_url":"https://github.com/truongn843","followers_url":"https://api.github.com/users/truongn843/followers","following_url":"https://api.github.com/users/truongn843/following{/other_user}","gists_url":"https://api.github.com/users/truongn843/gists{/gist_id}","starred_url":"https://api.github.com/users/truongn843/starred{/owner}{/repo}","subscriptions_url":"https://api.github.com/users/truongn843/subscriptions","organizations_url":"https://api.github.com/users/truongn843/orgs","repos_url":"https://api.github.com/users/truongn843/repos","events_url":"https://api.github.com/users/truongn843/events{/privacy}","received_events_url":"https://api.github.com/users/truongn843/received_events","type":"User","site_admin":false,"name":null,"company":null,"blog":"","location":null,"email":null,"hireable":null,"bio":null,"twitter_username":null,"public_repos":2,"public_gists":0,"followers":0,"following":0,"created_at":"2020-06-16T13:55:04Z","updated_at":"2021-10-01T15:23:20Z","private_gists":0,"total_private_repos":0,"owned_private_repos":0,"disk_usage":0,"collaborators":0,"two_factor_authentication":false,"plan":{"name":"free","space":976562499,"collaborators":0,"private_repos":10000}}
[info] 
[info] +  Success! Logged into GitHub as truongn843 
[info] 
